FILE_TYPE=LIBRARY_PARTS;
PRIMITIVE 'AOTA_B252010S4R7MT','AOTA_B252010S4R7MT_Inductors Chip';
  PIN
    '1':
      PIN_NUMBER='(1)';
      NO_LOAD_CHECK=BOTH;
      NO_IO_CHECK=BOTH;
      ALLOW_CONNECT=TRUE;
      PINUSE='UNSPEC';
    '2':
      PIN_NUMBER='(2)';
      NO_LOAD_CHECK=BOTH;
      NO_IO_CHECK=BOTH;
      ALLOW_CONNECT=TRUE;
      PINUSE='UNSPEC';
  END_PIN;
  BODY
    PART_NAME='AOTA_B252010S4R7MT';
    PHYS_DES_PREFIX='L';
    NO_LOAD_CHECK='TRUE';
    PIN_COUNT='2';
    BODY_NAME='AOTA_B252010S4R7MT';
    JEDEC_TYPE='INDC2520X100N';
  END_BODY;
END_PRIMITIVE;
END.
